<?xml version="1.0" encoding="UTF-8"?>
<testng-results ignored="0" total="1" passed="1" failed="0" skipped="0">
  <reporter-output>
  </reporter-output>
  <suite started-at="2022-04-26T16:29:24 IST" name="Default suite" finished-at="2022-04-26T16:29:27 IST" duration-ms="3274">
    <groups>
    </groups>
    <test started-at="2022-04-26T16:29:24 IST" name="Default test" finished-at="2022-04-26T16:29:27 IST" duration-ms="3274">
      <class name="test.SimpleTest">
        <test-method is-config="true" signature="beforeTest()[pri:0, instance:test.SimpleTest@62230c58]" started-at="2022-04-26T16:29:24 IST" name="beforeTest" finished-at="2022-04-26T16:29:27 IST" duration-ms="2968" status="PASS">
          <reporter-output>
          </reporter-output>
        </test-method> <!-- beforeTest -->
        <test-method signature="testTitle()[pri:0, instance:test.SimpleTest@62230c58]" started-at="2022-04-26T16:29:27 IST" name="testTitle" finished-at="2022-04-26T16:29:27 IST" duration-ms="16" status="PASS">
          <reporter-output>
          </reporter-output>
        </test-method> <!-- testTitle -->
        <test-method is-config="true" signature="afterTest()[pri:0, instance:test.SimpleTest@62230c58]" started-at="2022-04-26T16:29:27 IST" name="afterTest" finished-at="2022-04-26T16:29:27 IST" duration-ms="241" status="PASS">
          <reporter-output>
          </reporter-output>
        </test-method> <!-- afterTest -->
      </class> <!-- test.SimpleTest -->
    </test> <!-- Default test -->
  </suite> <!-- Default suite -->
</testng-results>
